time="2021-06-09T02:53:18+08:00" level=info msg="new task:{service localhost:3306 mysql { [] [] [3123 3123]}}"
time="2021-06-09T02:53:18+08:00" level=info msg="go plugin total:3"
time="2021-06-09T02:53:18+08:00" level=info msg="run plugin:mysqlMySQL 弱口令"
time="2021-06-09T02:53:54+08:00" level=info msg="get signal interrupt"
time="2021-06-09T02:53:54+08:00" level=warning msg="app exit now..."
time="2021-06-09T02:53:57+08:00" level=info msg="cors middleware opened"
time="2021-06-09T02:53:57+08:00" level=info msg="gin http server start at &{8067 true}"
time="2021-06-09T02:54:00+08:00" level=info msg="new task:{service localhost:3306 mysql { [] [] [3123 3123]}}"
time="2021-06-09T02:54:00+08:00" level=info msg="go plugin total:3"
time="2021-06-09T02:54:00+08:00" level=info msg="run plugin:mysqlMySQL 弱口令"
time="2021-06-09T02:55:03+08:00" level=info msg="new task:{service localhost:2181 zookeeper { [] [] [3123 3123]}}"
time="2021-06-09T02:55:03+08:00" level=info msg="go plugin total:3"
time="2021-06-09T02:55:03+08:00" level=info msg="run plugin:zookeeperzookeeper 未授权访问"
time="2021-06-09T02:55:03+08:00" level=info msg="tcp send4"
time="2021-06-09T02:55:03+08:00" level=info msg="tcp recv57"
time="2021-06-09T02:56:38+08:00" level=info msg="get signal interrupt"
time="2021-06-09T02:56:38+08:00" level=warning msg="app exit now..."
time="2021-06-09T02:56:42+08:00" level=info msg="cors middleware opened"
time="2021-06-09T02:56:42+08:00" level=info msg="gin http server start at &{8067 true}"
time="2021-06-09T02:56:47+08:00" level=info msg="new task:{service localhost:2181 zookeeper { [] [] [3123 3123]}}"
time="2021-06-09T02:56:47+08:00" level=info msg="go plugin total:3"
time="2021-06-09T02:56:47+08:00" level=info msg="run plugin:zookeeperzookeeper 未授权访问"
time="2021-06-09T02:56:48+08:00" level=info msg="tcp send4"
time="2021-06-09T02:56:48+08:00" level=info msg="tcp recv57"
time="2021-06-09T02:57:12+08:00" level=info msg="get signal interrupt"
time="2021-06-09T02:57:12+08:00" level=warning msg="app exit now..."
time="2021-06-09T02:57:14+08:00" level=info msg="cors middleware opened"
time="2021-06-09T02:57:14+08:00" level=info msg="gin http server start at &{8067 true}"
time="2021-06-09T02:57:19+08:00" level=info msg="new task:{service localhost:2181 zookeeper { [] [] [3123 3123]}}"
time="2021-06-09T02:57:19+08:00" level=info msg="go plugin total:3"
time="2021-06-09T02:57:19+08:00" level=info msg="run plugin:zookeeperzookeeper 未授权访问"
time="2021-06-09T02:57:19+08:00" level=info msg="tcp send4"
time="2021-06-09T02:57:19+08:00" level=info msg="tcp recv57"
time="2021-06-09T02:57:38+08:00" level=info msg="get signal interrupt"
time="2021-06-09T02:57:38+08:00" level=warning msg="app exit now..."
time="2021-06-09T02:57:41+08:00" level=info msg="cors middleware opened"
time="2021-06-09T02:57:41+08:00" level=info msg="gin http server start at &{8067 true}"
time="2021-06-09T02:57:45+08:00" level=info msg="new task:{service localhost:2181 zookeeper { [] [] [3123 3123]}}"
time="2021-06-09T02:57:45+08:00" level=info msg="go plugin total:3"
time="2021-06-09T02:57:45+08:00" level=info msg="run plugin:zookeeperzookeeper 未授权访问"
time="2021-06-09T02:57:45+08:00" level=info msg="tcp send4"
time="2021-06-09T02:57:45+08:00" level=info msg="tcp recv57"
time="2021-06-09T02:58:46+08:00" level=info msg="get signal interrupt"
time="2021-06-09T02:58:46+08:00" level=warning msg="app exit now..."
time="2021-06-09T02:59:08+08:00" level=info msg="cors middleware opened"
time="2021-06-09T02:59:08+08:00" level=info msg="gin http server start at &{8067 true}"
time="2021-06-09T02:59:12+08:00" level=info msg="new task:{service localhost:2181 zookeeper { [] [] [3123 3123]}}"
time="2021-06-09T02:59:12+08:00" level=info msg="go plugin total:3"
time="2021-06-09T02:59:12+08:00" level=info msg="run plugin:zookeeperzookeeper 未授权访问"
time="2021-06-09T02:59:12+08:00" level=info msg="hit plugin:zookeeper 未授权访问"
time="2021-06-09T03:00:05+08:00" level=info msg="get signal interrupt"
time="2021-06-09T03:00:05+08:00" level=warning msg="app exit now..."
time="2021-06-09T03:00:08+08:00" level=info msg="cors middleware opened"
time="2021-06-09T03:00:08+08:00" level=info msg="gin http server start at &{8067 true}"
time="2021-06-09T03:00:35+08:00" level=info msg="new task:{service localhost:2181 zookeeper { [] [] [3123 3123]}}"
time="2021-06-09T03:00:35+08:00" level=info msg="go plugin total:3"
time="2021-06-09T03:00:35+08:00" level=info msg="run plugin:zookeeperzookeeper 未授权访问"
time="2021-06-09T03:00:35+08:00" level=info msg="tcp send4"
time="2021-06-09T03:00:35+08:00" level=info msg="tcp recv57"
time="2021-06-09T03:01:26+08:00" level=info msg="get signal interrupt"
time="2021-06-09T03:01:26+08:00" level=warning msg="app exit now..."
time="2021-06-09T03:01:28+08:00" level=info msg="cors middleware opened"
time="2021-06-09T03:01:28+08:00" level=info msg="gin http server start at &{8067 true}"
time="2021-06-09T03:01:33+08:00" level=info msg="new task:{service localhost:2181 zookeeper { [] [] [3123 3123]}}"
time="2021-06-09T03:01:33+08:00" level=info msg="go plugin total:3"
time="2021-06-09T03:01:33+08:00" level=info msg="run plugin:zookeeperzookeeper 未授权访问"
time="2021-06-09T03:01:33+08:00" level=info msg="tcp send4"
time="2021-06-09T03:01:33+08:00" level=info msg="tcp recv57"
time="2021-06-09T03:03:15+08:00" level=info msg="get signal interrupt"
time="2021-06-09T03:03:15+08:00" level=warning msg="app exit now..."
time="2021-06-09T03:03:20+08:00" level=info msg="cors middleware opened"
time="2021-06-09T03:03:20+08:00" level=info msg="gin http server start at &{8067 true}"
time="2021-06-09T03:03:52+08:00" level=info msg="new task:{service localhost:3306 mysql { [] [] [3123 3123]}}"
time="2021-06-09T03:03:52+08:00" level=info msg="go plugin total:3"
time="2021-06-09T03:03:52+08:00" level=info msg="run plugin:mysqlMySQL 弱口令"
time="2021-06-09T11:43:51+08:00" level=info msg="new task:{service localhost:3306 mysql { [] [] [3123 3123]}}"
time="2021-06-09T11:43:51+08:00" level=info msg="go plugin total:3"
time="2021-06-09T11:43:51+08:00" level=info msg="run plugin:mysqlMySQL 弱口令"
